*** Using Compiler 'V5.06 update 5 (build 528)', folder: 'D:\Keil_v5\ARM\ARMCC\Bin'
Build target 'Target 1'
compiling usart.c...
"no source": Error:  #5: cannot open source input file "System\usart.c": No such file or directory
System\usart.c: 0 warnings, 1 error
compiling lcd.c...
Hardware\lcd.c(4): error:  #5: cannot open source input file "usart.h": No such file or directory
  #include "usart.h"
Hardware\lcd.c: 0 warnings, 1 error
compiling Key.c...
compiling Buzzer.c...
compiling stm32f10x_it.c...
compiling CountSensor.c...
compiling LightSensor.c...
compiling Serial.c...
compiling main.c...
User\main.c(24): warning:  #223-D: function "printf" declared implicitly
  	printf("Num=%d\r\n", 666);
User\main.c(34): warning:  #1-D: last line of file ends without a newline
   
User\main.c: 2 warnings, 0 errors
compiling LED.c...
".\Objects\Project.axf" - 1 Error(s), 2 Warning(s).
Target not created.
Build Time Elapsed:  00:00:01
