[2024-04-04 22:03:20]	compilation failed at : "d:\OneDrive\桌面\stm32\9-1 串口发送\Library\stm32f10x_exti.c", exit code: 1
command: 
  "d:\Keil5\ARM\ARMCC\bin\armcc.exe" -c --apcs=interwork -IHardware -ILibrary -IListings -ISystem -IUser -IStart -I.cmsis/include -I"RTE/_Target 1" -I.eide/deps -DUSE_STDPERIPH_DRIVER --cpu Cortex-M3 --li --c99 -D__MICROLIB -O0 --split_sections --diag_suppress=1 --diag_suppress=1295 -g -o ".\build\Target 1\.obj\Library\stm32f10x_exti.o" --no_depend_system_headers --depend ".\build\Target 1\.obj\Library\stm32f10x_exti.d" .\Library\stm32f10x_exti.c
   at unify_builder.Program.compileByMulThread(Int32 thrNum, CmdInfo[] cmds_, List`1 errLogs)
   at unify_builder.Program.Main(String[] args_)
---
"Start\stm32f10x.h", line 96: Error:  #35: #error directive: "Please select first the target STM32F10x device used in your application (in stm32f10x.h file)"
   #error "Please select first the target STM32F10x device used in your application (in stm32f10x.h file)"
    ^
.\Hardware\Buzzer.c: 0 warnings, 1 error
"Start\stm32f10x.h", line 96: Error:  #35: #error directive: "Please select first the target STM32F10x device used in your application (in stm32f10x.h file)"
   #error "Please select first the target STM32F10x device used in your application (in stm32f10x.h file)"
    ^
.\Hardware\CountSensor.c: 0 warnings, 1 error
"Start\stm32f10x.h", line 96: Error:  #35: #error directive: "Please select first the target STM32F10x device used in your application (in stm32f10x.h file)"
   #error "Please select first the target STM32F10x device used in your application (in stm32f10x.h file)"
    ^
.\Hardware\LED.c: 0 warnings, 1 error
"Start\stm32f10x.h", line 96: Error:  #35: #error directive: "Please select first the target STM32F10x device used in your application (in stm32f10x.h file)"
   #error "Please select first the target STM32F10x device used in your application (in stm32f10x.h file)"
    ^
.\Hardware\Key.c: 0 warnings, 1 error
"Start\stm32f10x.h", line 96: Error:  #35: #error directive: "Please select first the target STM32F10x device used in your application (in stm32f10x.h file)"
   #error "Please select first the target STM32F10x device used in your application (in stm32f10x.h file)"
    ^
.\Hardware\LightSensor.c: 0 warnings, 1 error
"Start\stm32f10x.h", line 96: Error:  #35: #error directive: "Please select first the target STM32F10x device used in your application (in stm32f10x.h file)"
   #error "Please select first the target STM32F10x device used in your application (in stm32f10x.h file)"
    ^
.\Hardware\Serial.c: 0 warnings, 1 error
"Start\stm32f10x.h", line 96: Error:  #35: #error directive: "Please select first the target STM32F10x device used in your application (in stm32f10x.h file)"
   #error "Please select first the target STM32F10x device used in your application (in stm32f10x.h file)"
    ^
.\Library\misc.c: 0 warnings, 1 error
"Start\stm32f10x.h", line 96: Error:  #35: #error directive: "Please select first the target STM32F10x device used in your application (in stm32f10x.h file)"
   #error "Please select first the target STM32F10x device used in your application (in stm32f10x.h file)"
    ^
.\Library\stm32f10x_adc.c: 0 warnings, 1 error
"Start\stm32f10x.h", line 96: Error:  #35: #error directive: "Please select first the target STM32F10x device used in your application (in stm32f10x.h file)"
   #error "Please select first the target STM32F10x device used in your application (in stm32f10x.h file)"
    ^
.\Library\stm32f10x_bkp.c: 0 warnings, 1 error
"Start\stm32f10x.h", line 96: Error:  #35: #error directive: "Please select first the target STM32F10x device used in your application (in stm32f10x.h file)"
   #error "Please select first the target STM32F10x device used in your application (in stm32f10x.h file)"
    ^
.\Library\stm32f10x_cec.c: 0 warnings, 1 error
"Start\stm32f10x.h", line 96: Error:  #35: #error directive: "Please select first the target STM32F10x device used in your application (in stm32f10x.h file)"
   #error "Please select first the target STM32F10x device used in your application (in stm32f10x.h file)"
    ^
.\Library\stm32f10x_can.c: 0 warnings, 1 error
"Start\stm32f10x.h", line 96: Error:  #35: #error directive: "Please select first the target STM32F10x device used in your application (in stm32f10x.h file)"
   #error "Please select first the target STM32F10x device used in your application (in stm32f10x.h file)"
    ^
.\Library\stm32f10x_crc.c: 0 warnings, 1 error
"Start\stm32f10x.h", line 96: Error:  #35: #error directive: "Please select first the target STM32F10x device used in your application (in stm32f10x.h file)"
   #error "Please select first the target STM32F10x device used in your application (in stm32f10x.h file)"
    ^
.\Library\stm32f10x_dac.c: 0 warnings, 1 error
"Start\stm32f10x.h", line 96: Error:  #35: #error directive: "Please select first the target STM32F10x device used in your application (in stm32f10x.h file)"
   #error "Please select first the target STM32F10x device used in your application (in stm32f10x.h file)"
    ^
.\Library\stm32f10x_dbgmcu.c: 0 warnings, 1 error
"Start\stm32f10x.h", line 96: Error:  #35: #error directive: "Please select first the target STM32F10x device used in your application (in stm32f10x.h file)"
   #error "Please select first the target STM32F10x device used in your application (in stm32f10x.h file)"
    ^
.\Library\stm32f10x_dma.c: 0 warnings, 1 error
"Start\stm32f10x.h", line 96: Error:  #35: #error directive: "Please select first the target STM32F10x device used in your application (in stm32f10x.h file)"
   #error "Please select first the target STM32F10x device used in your application (in stm32f10x.h file)"
    ^
.\Library\stm32f10x_exti.c: 0 warnings, 1 error

[2024-04-04 22:03:32]	compilation failed at : "d:\OneDrive\桌面\stm32\9-1 串口发送\Library\stm32f10x_exti.c", exit code: 1
command: 
  "d:\Keil5\ARM\ARMCC\bin\armcc.exe" -c --apcs=interwork -IHardware -ILibrary -IListings -ISystem -IUser -IStart -I.cmsis/include -I"RTE/_Target 1" -I.eide/deps -DUSE_STDPERIPH_DRIVER --cpu Cortex-M3 --li --c99 -D__MICROLIB -O0 --split_sections --diag_suppress=1 --diag_suppress=1295 -g -o ".\build\Target 1\.obj\Library\stm32f10x_exti.o" --no_depend_system_headers --depend ".\build\Target 1\.obj\Library\stm32f10x_exti.d" .\Library\stm32f10x_exti.c
   at unify_builder.Program.compileByMulThread(Int32 thrNum, CmdInfo[] cmds_, List`1 errLogs)
   at unify_builder.Program.Main(String[] args_)
---
"Start\stm32f10x.h", line 96: Error:  #35: #error directive: "Please select first the target STM32F10x device used in your application (in stm32f10x.h file)"
   #error "Please select first the target STM32F10x device used in your application (in stm32f10x.h file)"
    ^
.\Hardware\Buzzer.c: 0 warnings, 1 error
"Start\stm32f10x.h", line 96: Error:  #35: #error directive: "Please select first the target STM32F10x device used in your application (in stm32f10x.h file)"
   #error "Please select first the target STM32F10x device used in your application (in stm32f10x.h file)"
    ^
.\Hardware\Key.c: 0 warnings, 1 error
"Start\stm32f10x.h", line 96: Error:  #35: #error directive: "Please select first the target STM32F10x device used in your application (in stm32f10x.h file)"
   #error "Please select first the target STM32F10x device used in your application (in stm32f10x.h file)"
    ^
.\Hardware\LED.c: 0 warnings, 1 error
"Start\stm32f10x.h", line 96: Error:  #35: #error directive: "Please select first the target STM32F10x device used in your application (in stm32f10x.h file)"
   #error "Please select first the target STM32F10x device used in your application (in stm32f10x.h file)"
    ^
.\Hardware\CountSensor.c: 0 warnings, 1 error
"Start\stm32f10x.h", line 96: Error:  #35: #error directive: "Please select first the target STM32F10x device used in your application (in stm32f10x.h file)"
   #error "Please select first the target STM32F10x device used in your application (in stm32f10x.h file)"
    ^
.\Hardware\LightSensor.c: 0 warnings, 1 error
"Start\stm32f10x.h", line 96: Error:  #35: #error directive: "Please select first the target STM32F10x device used in your application (in stm32f10x.h file)"
   #error "Please select first the target STM32F10x device used in your application (in stm32f10x.h file)"
    ^
.\Hardware\Serial.c: 0 warnings, 1 error
"Start\stm32f10x.h", line 96: Error:  #35: #error directive: "Please select first the target STM32F10x device used in your application (in stm32f10x.h file)"
   #error "Please select first the target STM32F10x device used in your application (in stm32f10x.h file)"
    ^
.\Library\misc.c: 0 warnings, 1 error
"Start\stm32f10x.h", line 96: Error:  #35: #error directive: "Please select first the target STM32F10x device used in your application (in stm32f10x.h file)"
   #error "Please select first the target STM32F10x device used in your application (in stm32f10x.h file)"
    ^
.\Library\stm32f10x_adc.c: 0 warnings, 1 error
"Start\stm32f10x.h", line 96: Error:  #35: #error directive: "Please select first the target STM32F10x device used in your application (in stm32f10x.h file)"
   #error "Please select first the target STM32F10x device used in your application (in stm32f10x.h file)"
    ^
.\Library\stm32f10x_bkp.c: 0 warnings, 1 error
"Start\stm32f10x.h", line 96: Error:  #35: #error directive: "Please select first the target STM32F10x device used in your application (in stm32f10x.h file)"
   #error "Please select first the target STM32F10x device used in your application (in stm32f10x.h file)"
    ^
.\Library\stm32f10x_can.c: 0 warnings, 1 error
"Start\stm32f10x.h", line 96: Error:  #35: #error directive: "Please select first the target STM32F10x device used in your application (in stm32f10x.h file)"
   #error "Please select first the target STM32F10x device used in your application (in stm32f10x.h file)"
    ^
.\Library\stm32f10x_cec.c: 0 warnings, 1 error
"Start\stm32f10x.h", line 96: Error:  #35: #error directive: "Please select first the target STM32F10x device used in your application (in stm32f10x.h file)"
   #error "Please select first the target STM32F10x device used in your application (in stm32f10x.h file)"
    ^
.\Library\stm32f10x_crc.c: 0 warnings, 1 error
"Start\stm32f10x.h", line 96: Error:  #35: #error directive: "Please select first the target STM32F10x device used in your application (in stm32f10x.h file)"
   #error "Please select first the target STM32F10x device used in your application (in stm32f10x.h file)"
    ^
.\Library\stm32f10x_dac.c: 0 warnings, 1 error
"Start\stm32f10x.h", line 96: Error:  #35: #error directive: "Please select first the target STM32F10x device used in your application (in stm32f10x.h file)"
   #error "Please select first the target STM32F10x device used in your application (in stm32f10x.h file)"
    ^
.\Library\stm32f10x_dbgmcu.c: 0 warnings, 1 error
"Start\stm32f10x.h", line 96: Error:  #35: #error directive: "Please select first the target STM32F10x device used in your application (in stm32f10x.h file)"
   #error "Please select first the target STM32F10x device used in your application (in stm32f10x.h file)"
    ^
.\Library\stm32f10x_dma.c: 0 warnings, 1 error
"Start\stm32f10x.h", line 96: Error:  #35: #error directive: "Please select first the target STM32F10x device used in your application (in stm32f10x.h file)"
   #error "Please select first the target STM32F10x device used in your application (in stm32f10x.h file)"
    ^
.\Library\stm32f10x_exti.c: 0 warnings, 1 error

